[18:55:05] [ServerMain/INFO]: Environment: Environment[sessionHost=https://sessionserver.mojang.com, servicesHost=https://api.minecraftservices.com, name=PROD]
[18:55:06] [ServerMain/INFO]: No existing world data, creating new world
[18:55:07] [ServerMain/INFO]: Loaded 1290 recipes
[18:55:08] [ServerMain/INFO]: Loaded 1399 advancements
[18:55:08] [Server thread/INFO]: Starting minecraft server version 1.21.1
[18:55:08] [Server thread/INFO]: Loading properties
[18:55:08] [Server thread/INFO]: Default game type: SURVIVAL
[18:55:08] [Server thread/INFO]: Generating keypair
[18:55:08] [Server thread/INFO]: Starting Minecraft server on *:25565
[18:55:08] [Server thread/INFO]: Using epoll channel type
[18:55:08] [Server thread/WARN]: **** SERVER IS RUNNING IN OFFLINE/INSECURE MODE!
[18:55:08] [Server thread/WARN]: The server will make no attempt to authenticate usernames. Beware.
[18:55:08] [Server thread/WARN]: While this makes the game possible to play without internet access, it also opens up the ability for hackers to connect with any username they choose.
[18:55:08] [Server thread/WARN]: To change this, set "online-mode" to "true" in the server.properties file.
[18:55:08] [Server thread/INFO]: Preparing level "LaFungiAventurasDeNicoYJulio"
[18:55:24] [Server thread/INFO]: Preparing start region for dimension minecraft:overworld
[18:55:24] [Worker-Main-3/INFO]: Preparing spawn area: 2%
[18:55:24] [Worker-Main-3/INFO]: Preparing spawn area: 2%
[18:55:25] [Worker-Main-3/INFO]: Preparing spawn area: 2%
[18:55:25] [Worker-Main-3/INFO]: Preparing spawn area: 2%
[18:55:26] [Worker-Main-3/INFO]: Preparing spawn area: 2%
[18:55:26] [Worker-Main-3/INFO]: Preparing spawn area: 2%
[18:55:27] [Worker-Main-3/INFO]: Preparing spawn area: 2%
[18:55:27] [Worker-Main-3/INFO]: Preparing spawn area: 2%
[18:55:28] [Worker-Main-3/INFO]: Preparing spawn area: 2%
[18:55:28] [Worker-Main-3/INFO]: Preparing spawn area: 2%
[18:55:29] [Worker-Main-3/INFO]: Preparing spawn area: 2%
[18:55:29] [Worker-Main-3/INFO]: Preparing spawn area: 2%
[18:55:30] [Worker-Main-3/INFO]: Preparing spawn area: 2%
[18:55:30] [Worker-Main-3/INFO]: Preparing spawn area: 2%
[18:55:31] [Worker-Main-3/INFO]: Preparing spawn area: 2%
[18:55:31] [Worker-Main-3/INFO]: Preparing spawn area: 2%
[18:55:32] [Worker-Main-3/INFO]: Preparing spawn area: 2%
[18:55:33] [Worker-Main-3/INFO]: Preparing spawn area: 2%
[18:55:33] [Worker-Main-3/INFO]: Preparing spawn area: 2%
[18:55:33] [Worker-Main-3/INFO]: Preparing spawn area: 2%
[18:55:34] [Worker-Main-3/INFO]: Preparing spawn area: 2%
[18:55:34] [Worker-Main-3/INFO]: Preparing spawn area: 2%
[18:55:35] [Worker-Main-3/INFO]: Preparing spawn area: 2%
[18:55:35] [Worker-Main-3/INFO]: Preparing spawn area: 2%
[18:55:36] [Worker-Main-3/INFO]: Preparing spawn area: 22%
[18:55:36] [Worker-Main-3/INFO]: Preparing spawn area: 32%
[18:55:36] [Server thread/INFO]: Time elapsed: 12608 ms
[18:55:36] [Server thread/INFO]: Done (27.926s)! For help, type "help"
[18:55:50] [Server thread/INFO]: Naikus12[/127.212.212.11:32899] logged in with entity id 13 at (-5.5, 91.0, 23.5)
[18:55:50] [Server thread/INFO]: Naikus12 joined the game
[18:57:57] [Server thread/INFO]: Naikus12 lost connection: Disconnected
[18:57:57] [Server thread/INFO]: Naikus12 left the game
[18:58:09] [Server thread/INFO]: Stopping the server
[18:58:09] [Server thread/INFO]: Stopping server
[18:58:09] [Server thread/INFO]: Saving players
[18:58:09] [Server thread/INFO]: Saving worlds
[18:58:09] [Server thread/INFO]: Saving chunks for level 'ServerLevel[LaFungiAventurasDeNicoYJulio]'/minecraft:overworld
[18:58:33] [Server thread/INFO]: Saving chunks for level 'ServerLevel[LaFungiAventurasDeNicoYJulio]'/minecraft:the_end
[18:58:33] [Server thread/INFO]: Saving chunks for level 'ServerLevel[LaFungiAventurasDeNicoYJulio]'/minecraft:the_nether
[18:58:33] [Server thread/INFO]: ThreadedAnvilChunkStorage (LaFungiAventurasDeNicoYJulio): All chunks are saved
[18:58:33] [Server thread/INFO]: ThreadedAnvilChunkStorage (DIM1): All chunks are saved
[18:58:33] [Server thread/INFO]: ThreadedAnvilChunkStorage (DIM-1): All chunks are saved
[18:58:33] [Server thread/INFO]: ThreadedAnvilChunkStorage: All dimensions are saved
